<?xml version="1.0" encoding="UTF-8"?>
<!-- Generated by org.testng.reporters.JUnitReportReporter -->
<testsuite hostname="DESKTOP-SK32KMA" name="org.tng.TestClass2" tests="3" failures="0" timestamp="21 Jun 2022 11:17:32 GMT" time="0.065" errors="0">
  <testcase name="tc2" time="0.048" classname="org.tng.TestClass2"/>
  <testcase name="tc3" time="0.000" classname="org.tng.TestClass2"/>
  <testcase name="tc1" time="0.017" classname="org.tng.TestClass2"/>
</testsuite> <!-- org.tng.TestClass2 -->
