<?xml version="1.0" encoding="UTF-8"?>
<!-- Generated by org.testng.reporters.JUnitReportReporter -->
<testsuite hostname="DESKTOP-SK32KMA" name="org.tng.CrossBrowser" tests="2" failures="0" timestamp="29 Jun 2022 04:41:29 GMT" time="9.688" errors="0">
  <testcase name="browserTest" time="3.752" classname="org.tng.CrossBrowser"/>
  <testcase name="browserTest" time="5.936" classname="org.tng.CrossBrowser"/>
</testsuite> <!-- org.tng.CrossBrowser -->
